[debug] [2017-09-19T23:23:36.527Z] ----------------------------------------------------------------------
[debug] [2017-09-19T23:23:36.530Z] Command:       C:\Program Files\nodejs\node.exe C:\Users\me\AppData\Roaming\npm\node_modules\firebase-tools\bin\firebase serve
[debug] [2017-09-19T23:23:36.531Z] CLI Version:   3.10.1
[debug] [2017-09-19T23:23:36.531Z] Platform:      win32
[debug] [2017-09-19T23:23:36.531Z] Node Version:  v8.2.1
[debug] [2017-09-19T23:23:36.532Z] Time:          Tue Sep 19 2017 16:23:36 GMT-0700 (Pacific Daylight Time)
[debug] [2017-09-19T23:23:36.532Z] ----------------------------------------------------------------------
[debug] 
[debug] [2017-09-19T23:23:36.557Z] > command requires scopes: ["email","openid","https://www.googleapis.com/auth/cloudplatformprojects.readonly","https://www.googleapis.com/auth/firebase","https://www.googleapis.com/auth/cloud-platform"]
[debug] [2017-09-19T23:23:36.557Z] > authorizing via signed-in user
[debug] [2017-09-19T23:23:36.559Z] > refreshing access token with scopes: ["email","https://www.googleapis.com/auth/cloud-platform","https://www.googleapis.com/auth/cloudplatformprojects.readonly","https://www.googleapis.com/auth/firebase","openid"]
[debug] [2017-09-19T23:23:36.559Z] >>> HTTP REQUEST POST https://www.googleapis.com/oauth2/v3/token { refresh_token: '1/-0WyQmQ6T2KfieIDsCs5A4dcdPawjnRdLffNfRSpaAU',
  client_id: '563584335869-fgrhgmd47bqnekij5i8b5pr03ho849e6.apps.googleusercontent.com',
  client_secret: 'j9iVZfS8kkCEFUPaAeJV0sAi',
  grant_type: 'refresh_token',
  scope: 'email https://www.googleapis.com/auth/cloud-platform https://www.googleapis.com/auth/cloudplatformprojects.readonly https://www.googleapis.com/auth/firebase openid' } 
 Tue Sep 19 2017 16:23:36 GMT-0700 (Pacific Daylight Time)
[debug] [2017-09-19T23:23:36.738Z] <<< HTTP RESPONSE 200
[debug] [2017-09-19T23:23:36.752Z] >>> HTTP REQUEST GET https://admin.firebase.com/v1/projects/thinkingdots-51dfa  
 Tue Sep 19 2017 16:23:36 GMT-0700 (Pacific Daylight Time)
[debug] [2017-09-19T23:23:37.272Z] <<< HTTP RESPONSE 200
[debug] [2017-09-19T23:23:37.273Z] >>> HTTP REQUEST GET https://admin.firebase.com/v1/database/thinkingdots-51dfa/tokens  
 Tue Sep 19 2017 16:23:37 GMT-0700 (Pacific Daylight Time)
[debug] [2017-09-19T23:23:37.785Z] <<< HTTP RESPONSE 200
[info] 
[info] === Serving from 'C:\Users\me\Google Drive\wormNet\WormNet3'...
[info] 
[debug] [2017-09-19T23:23:37.790Z] >>> HTTP REQUEST GET https://cloudresourcemanager.googleapis.com/v1/projects/thinkingdots-51dfa  
 Tue Sep 19 2017 16:23:37 GMT-0700 (Pacific Daylight Time)
[debug] [2017-09-19T23:23:38.187Z] <<< HTTP RESPONSE 200
[debug] [2017-09-19T23:23:38.188Z] >>> HTTP REQUEST GET https://mobilesdk-pa.googleapis.com/v1/projects/782470761826/clients/_:getWebAppConfig  
 Tue Sep 19 2017 16:23:38 GMT-0700 (Pacific Daylight Time)
[debug] [2017-09-19T23:23:38.551Z] <<< HTTP RESPONSE 200
[info] i  hosting: Serving hosting files from: dist
[info] +  hosting: Local server: http://localhost:5000

[info] Shutting down...
